2022-04-14 15:39:05,389 - WARNING - Hello World
2022-04-14 15:39:05,392 - WARNING - Rank 1 appended data
2022-04-14 15:39:05,392 - INFO - Iter: 0. Amount of splitting candidates: 14
2022-04-14 15:39:05,392 - INFO - Quantile 0: 
2022-04-14 15:39:05,392 - INFO - [-inf  4.3] [4.3 4.7] [4.7 4.8] [4.8 4.9] [4.9 5. ] [5.  5.1] [5.1 5.2] [5.2 5.4] [5.4 5.5] [5.5 5.7] [5.7 5.9] [5.9 6.2] [6.2 6.5] [6.5 7. ]
2022-04-14 15:39:05,497 - INFO - Computed Gradients and Hessians 
2022-04-14 15:39:05,500 - DEBUG - G [0.5] [0.5] [0.5] [0.5] [0.5] [0.5] [0.5] [0.5] [0.5] [0.5] [0.5] [0.5] [0.5] [0.5] [0.5] [0.5] [0.5] [0.5] [0.5] [0.5] [0.5] [0.5] [0.5] [0.5] [0.5] [0.5] [0.5] [0.5] [0.5] [0.5] [0.5] [0.5] [0.5] [0.5] [0.5] [0.5] [0.5] [0.5] [0.5] [0.5] [-0.5] [-0.5] [-0.5] [-0.5] [-0.5] [-0.5] [-0.5] [-0.5] [-0.5] [-0.5] [-0.5] [-0.5] [-0.5] [-0.5] [-0.5] [-0.5] [-0.5] [-0.5] [-0.5] [-0.5] [-0.5] [-0.5] [-0.5] [-0.5] [-0.5] [-0.5] [-0.5] [-0.5] [-0.5] [-0.5] [-0.5] [-0.5] [-0.5] [-0.5] [-0.5] [-0.5] [-0.5] [-0.5] [-0.5] [-0.5]
2022-04-14 15:39:05,503 - DEBUG - H [0.25] [0.25] [0.25] [0.25] [0.25] [0.25] [0.25] [0.25] [0.25] [0.25] [0.25] [0.25] [0.25] [0.25] [0.25] [0.25] [0.25] [0.25] [0.25] [0.25] [0.25] [0.25] [0.25] [0.25] [0.25] [0.25] [0.25] [0.25] [0.25] [0.25] [0.25] [0.25] [0.25] [0.25] [0.25] [0.25] [0.25] [0.25] [0.25] [0.25] [0.25] [0.25] [0.25] [0.25] [0.25] [0.25] [0.25] [0.25] [0.25] [0.25] [0.25] [0.25] [0.25] [0.25] [0.25] [0.25] [0.25] [0.25] [0.25] [0.25] [0.25] [0.25] [0.25] [0.25] [0.25] [0.25] [0.25] [0.25] [0.25] [0.25] [0.25] [0.25] [0.25] [0.25] [0.25] [0.25] [0.25] [0.25] [0.25] [0.25]
2022-04-14 15:39:05,503 - INFO - Sending G, H to party 2
2022-04-14 15:39:05,504 - INFO - Sending G, H to party 3
2022-04-14 15:39:05,504 - INFO - Sending G, H to party 4
2022-04-14 15:39:05,585 - INFO - Iter: 1. Amount of splitting candidates: 14
2022-04-14 15:39:05,585 - INFO - Quantile 0: 
2022-04-14 15:39:05,586 - INFO - [-inf  4.3] [4.3 4.7] [4.7 4.8] [4.8 4.9] [4.9 5. ] [5.  5.1] [5.1 5.2] [5.2 5.4] [5.4 5.5] [5.5 5.7] [5.7 5.9] [5.9 6.2] [6.2 6.5] [6.5 7. ]
2022-04-14 15:39:05,684 - INFO - Computed Gradients and Hessians 
2022-04-14 15:39:05,688 - DEBUG - G [0.13965218] [0.13965218] [0.13965218] [0.13965218] [0.13965218] [0.13965218] [0.13965218] [0.13965218] [0.13965218] [0.13965218] [0.13965218] [0.13965218] [0.13965218] [0.13965218] [0.13965218] [0.13965218] [0.13965218] [0.13965218] [0.13965218] [0.13965218] [0.13965218] [0.13965218] [0.13965218] [0.13965218] [0.13965218] [0.13965218] [0.13965218] [0.13965218] [0.13965218] [0.13965218] [0.13965218] [0.13965218] [0.13965218] [0.13965218] [0.13965218] [0.13965218] [0.13965218] [0.13965218] [0.13965218] [0.13965218] [-0.13965218] [-0.13965218] [-0.13965218] [-0.13965218] [-0.13965218] [-0.13965218] [-0.13965218] [-0.13965218] [-0.13965218] [-0.13965218] [-0.13965218] [-0.13965218] [-0.13965218] [-0.13965218] [-0.13965218] [-0.13965218] [-0.13965218] [-0.13965218] [-0.13965218] [-0.13965218] [-0.13965218] [-0.13965218] [-0.13965218] [-0.13965218] [-0.13965218] [-0.13965218] [-0.13965218] [-0.13965218] [-0.13965218] [-0.13965218] [-0.13965218] [-0.13965218] [-0.13965218] [-0.13965218] [-0.13965218] [-0.13965218] [-0.13965218] [-0.13965218] [-0.13965218] [-0.13965218]
2022-04-14 15:39:05,691 - DEBUG - H [0.12014945] [0.12014945] [0.12014945] [0.12014945] [0.12014945] [0.12014945] [0.12014945] [0.12014945] [0.12014945] [0.12014945] [0.12014945] [0.12014945] [0.12014945] [0.12014945] [0.12014945] [0.12014945] [0.12014945] [0.12014945] [0.12014945] [0.12014945] [0.12014945] [0.12014945] [0.12014945] [0.12014945] [0.12014945] [0.12014945] [0.12014945] [0.12014945] [0.12014945] [0.12014945] [0.12014945] [0.12014945] [0.12014945] [0.12014945] [0.12014945] [0.12014945] [0.12014945] [0.12014945] [0.12014945] [0.12014945] [0.12014945] [0.12014945] [0.12014945] [0.12014945] [0.12014945] [0.12014945] [0.12014945] [0.12014945] [0.12014945] [0.12014945] [0.12014945] [0.12014945] [0.12014945] [0.12014945] [0.12014945] [0.12014945] [0.12014945] [0.12014945] [0.12014945] [0.12014945] [0.12014945] [0.12014945] [0.12014945] [0.12014945] [0.12014945] [0.12014945] [0.12014945] [0.12014945] [0.12014945] [0.12014945] [0.12014945] [0.12014945] [0.12014945] [0.12014945] [0.12014945] [0.12014945] [0.12014945] [0.12014945] [0.12014945] [0.12014945]
2022-04-14 15:39:05,691 - INFO - Sending G, H to party 2
2022-04-14 15:39:05,691 - INFO - Sending G, H to party 3
2022-04-14 15:39:05,691 - INFO - Sending G, H to party 4
2022-04-14 15:39:05,771 - INFO - Iter: 2. Amount of splitting candidates: 14
2022-04-14 15:39:05,771 - INFO - Quantile 0: 
2022-04-14 15:39:05,771 - INFO - [-inf  4.3] [4.3 4.7] [4.7 4.8] [4.8 4.9] [4.9 5. ] [5.  5.1] [5.1 5.2] [5.2 5.4] [5.4 5.5] [5.5 5.7] [5.7 5.9] [5.9 6.2] [6.2 6.5] [6.5 7. ]
2022-04-14 15:39:05,872 - INFO - Computed Gradients and Hessians 
2022-04-14 15:39:05,875 - DEBUG - G [0.05839758] [0.05839758] [0.05839758] [0.05839758] [0.05839758] [0.05839758] [0.05839758] [0.05839758] [0.05839758] [0.05839758] [0.05839758] [0.05839758] [0.05839758] [0.05839758] [0.05839758] [0.05839758] [0.05839758] [0.05839758] [0.05839758] [0.05839758] [0.05839758] [0.05839758] [0.05839758] [0.05839758] [0.05839758] [0.05839758] [0.05839758] [0.05839758] [0.05839758] [0.05839758] [0.05839758] [0.05839758] [0.05839758] [0.05839758] [0.05839758] [0.05839758] [0.05839758] [0.05839758] [0.05839758] [0.05839758] [-0.05839758] [-0.05839758] [-0.05839758] [-0.05839758] [-0.05839758] [-0.05839758] [-0.05839758] [-0.05839758] [-0.05839758] [-0.05839758] [-0.05839758] [-0.05839758] [-0.05839758] [-0.05839758] [-0.05839758] [-0.05839758] [-0.05839758] [-0.05839758] [-0.05839758] [-0.05839758] [-0.05839758] [-0.05839758] [-0.05839758] [-0.05839758] [-0.05839758] [-0.05839758] [-0.05839758] [-0.05839758] [-0.05839758] [-0.05839758] [-0.05839758] [-0.05839758] [-0.05839758] [-0.05839758] [-0.05839758] [-0.05839758] [-0.05839758] [-0.05839758] [-0.05839758] [-0.05839758]
2022-04-14 15:39:05,879 - DEBUG - H [0.0549873] [0.0549873] [0.0549873] [0.0549873] [0.0549873] [0.0549873] [0.0549873] [0.0549873] [0.0549873] [0.0549873] [0.0549873] [0.0549873] [0.0549873] [0.0549873] [0.0549873] [0.0549873] [0.0549873] [0.0549873] [0.0549873] [0.0549873] [0.0549873] [0.0549873] [0.0549873] [0.0549873] [0.0549873] [0.0549873] [0.0549873] [0.0549873] [0.0549873] [0.0549873] [0.0549873] [0.0549873] [0.0549873] [0.0549873] [0.0549873] [0.0549873] [0.0549873] [0.0549873] [0.0549873] [0.0549873] [0.0549873] [0.0549873] [0.0549873] [0.0549873] [0.0549873] [0.0549873] [0.0549873] [0.0549873] [0.0549873] [0.0549873] [0.0549873] [0.0549873] [0.0549873] [0.0549873] [0.0549873] [0.0549873] [0.0549873] [0.0549873] [0.0549873] [0.0549873] [0.0549873] [0.0549873] [0.0549873] [0.0549873] [0.0549873] [0.0549873] [0.0549873] [0.0549873] [0.0549873] [0.0549873] [0.0549873] [0.0549873] [0.0549873] [0.0549873] [0.0549873] [0.0549873] [0.0549873] [0.0549873] [0.0549873] [0.0549873]
2022-04-14 15:39:05,879 - INFO - Sending G, H to party 2
2022-04-14 15:39:05,879 - INFO - Sending G, H to party 3
2022-04-14 15:39:05,879 - INFO - Sending G, H to party 4
