2022-04-14 16:54:09,187 - WARNING - Hello World
2022-04-14 16:54:09,200 - WARNING - Rank 2 appended data
2022-04-14 16:54:09,200 - INFO - Iter: 0. Amount of splitting candidates: 14
2022-04-14 16:54:09,200 - INFO - Quantile 0: 
2022-04-14 16:54:09,201 - INFO - [-inf   2.] [2.  2.4] [2.4 2.6] [2.6 2.7] [2.7 2.8] [2.8 2.9] [2.9 3. ] [3.  3.1] [3.1 3.2] [3.2 3.3] [3.3 3.4] [3.4 3.7] [3.7 4.4]
2022-04-14 16:54:09,201 - INFO - Quantile 1: 
2022-04-14 16:54:09,202 - INFO - [-inf   1.] [1.  1.3] [1.3 1.4] [1.4 1.5] [1.5 1.6] [1.6 3.5] [3.5 3.9] [3.9 4.3] [4.3 4.4] [4.4 4.5] [4.5 4.7] [4.7 5.1]
2022-04-14 16:54:09,202 - INFO - Quantile 2: 
2022-04-14 16:54:09,202 - INFO - [-inf  0.1] [0.1 0.2] [0.2 0.3] [0.3 0.5] [0.5 1.1] [1.1 1.2] [1.2 1.3] [1.3 1.4] [1.4 1.5] [1.5 1.8]
2022-04-14 16:54:09,347 - INFO - Received G, H
2022-04-14 16:54:09,440 - INFO - Iter: 1. Amount of splitting candidates: 14
2022-04-14 16:54:09,440 - INFO - Quantile 0: 
2022-04-14 16:54:09,441 - INFO - [-inf   2.] [2.  2.4] [2.4 2.6] [2.6 2.7] [2.7 2.8] [2.8 2.9] [2.9 3. ] [3.  3.1] [3.1 3.2] [3.2 3.3] [3.3 3.4] [3.4 3.7] [3.7 4.4]
2022-04-14 16:54:09,441 - INFO - Quantile 1: 
2022-04-14 16:54:09,442 - INFO - [-inf   1.] [1.  1.3] [1.3 1.4] [1.4 1.5] [1.5 1.6] [1.6 3.5] [3.5 3.9] [3.9 4.3] [4.3 4.4] [4.4 4.5] [4.5 4.7] [4.7 5.1]
2022-04-14 16:54:09,442 - INFO - Quantile 2: 
2022-04-14 16:54:09,442 - INFO - [-inf  0.1] [0.1 0.2] [0.2 0.3] [0.3 0.5] [0.5 1.1] [1.1 1.2] [1.2 1.3] [1.3 1.4] [1.4 1.5] [1.5 1.8]
2022-04-14 16:54:09,591 - INFO - Received G, H
2022-04-14 16:54:09,673 - INFO - Iter: 2. Amount of splitting candidates: 14
2022-04-14 16:54:09,674 - INFO - Quantile 0: 
2022-04-14 16:54:09,674 - INFO - [-inf   2.] [2.  2.4] [2.4 2.6] [2.6 2.7] [2.7 2.8] [2.8 2.9] [2.9 3. ] [3.  3.1] [3.1 3.2] [3.2 3.3] [3.3 3.4] [3.4 3.7] [3.7 4.4]
2022-04-14 16:54:09,674 - INFO - Quantile 1: 
2022-04-14 16:54:09,675 - INFO - [-inf   1.] [1.  1.3] [1.3 1.4] [1.4 1.5] [1.5 1.6] [1.6 3.5] [3.5 3.9] [3.9 4.3] [4.3 4.4] [4.4 4.5] [4.5 4.7] [4.7 5.1]
2022-04-14 16:54:09,675 - INFO - Quantile 2: 
2022-04-14 16:54:09,675 - INFO - [-inf  0.1] [0.1 0.2] [0.2 0.3] [0.3 0.5] [0.5 1.1] [1.1 1.2] [1.2 1.3] [1.3 1.4] [1.4 1.5] [1.5 1.8]
2022-04-14 16:54:09,824 - INFO - Received G, H
